<?xml version="1.0" encoding="UTF-8"?>
<testsuite xmlns:xsi="http://www.w3.org/2001/XMLSchema-instance" xsi:noNamespaceSchemaLocation="https://maven.apache.org/surefire/maven-surefire-plugin/xsd/surefire-test-report-3.0.xsd" version="3.0" name="com.swimdataapp.services.TestSetManagerTest" time="0.074" tests="5" errors="0" skipped="0" failures="0">
  <properties>
[...]
</properties>
  <testcase name="loadTestSetsFromFile_invalidData_skipsInvalidRows" classname="com.swimdataapp.services.TestSetManagerTest" time="0.031">
    <system-err><![CDATA[Could not parse date in Test Sets sheet at row 2. Skipping row.
Could not parse result value in Test Sets sheet at row 3. Skipping row.
]]></system-err>
  </testcase>
  <testcase name="loadTestSetsFromFile_invalidFilePath_throwsIOException" classname="com.swimdataapp.services.TestSetManagerTest" time="0.001"/>
  <testcase name="loadTestSetsFromFile_emptyFile_noResultsLoaded" classname="com.swimdataapp.services.TestSetManagerTest" time="0.014"/>
  <testcase name="loadTestSetsFromFile_completeFile_success" classname="com.swimdataapp.services.TestSetManagerTest" time="0.016"/>
  <testcase name="loadTestSetsFromFile_missingSheet_noResultsLoaded" classname="com.swimdataapp.services.TestSetManagerTest" time="0.009"/>
</testsuite>